2017-10-24 16:48:59,281 INFO  [catalina-exec-12] jdbc.sqlonly SQL         :  SELECT
          *
   			 FROM USER 
   			 ORDER BY no DESC
2017-10-24 16:48:59,406 INFO  [catalina-exec-12] jdbc.resultsettable |---|-----------------------|---------|---------|---------|-------|------|----------------------|----------------------|
2017-10-24 16:48:59,408 INFO  [catalina-exec-12] jdbc.resultsettable |no |email                  |password |username |memo     |status |role  |indate                |editdate              |
2017-10-24 16:48:59,408 INFO  [catalina-exec-12] jdbc.resultsettable |---|-----------------------|---------|---------|---------|-------|------|----------------------|----------------------|
2017-10-24 16:48:59,409 INFO  [catalina-exec-12] jdbc.resultsettable |5  |nationminu@daum.net    |111111   |송고은      |메모!!     |Y      |USERS |2017-08-15 21:30:55.0 |[null]                |
2017-10-24 16:48:59,409 INFO  [catalina-exec-12] jdbc.resultsettable |2  |nationminu@gmaol.com   |123456   |송민우      |메모!!!    |Y      |USERS |2017-08-14 12:37:56.0 |2017-08-15 21:44:59.0 |
2017-10-24 16:48:59,409 INFO  [catalina-exec-12] jdbc.resultsettable |1  |mwsong@rockplace.co.kr |123456   |송민우      |ㅁㄴㅇㅁㄴㅇ11 |Y      |USERS |2017-08-14 12:34:35.0 |2017-08-15 21:10:38.0 |
2017-10-24 16:48:59,410 INFO  [catalina-exec-12] jdbc.resultsettable |---|-----------------------|---------|---------|---------|-------|------|----------------------|----------------------|
2017-10-24 16:50:22,143 INFO  [catalina-exec-19] jdbc.sqlonly SQL         :  INSERT INTO USER
		( 	username
			, password
			, email
			, memo
			 	
			 
		)
		VALUES
		(	'ttt'
			, 'rplinux)(*&'
			, 'ttt@rockplace.co.kr'
			, 'aaaaaaaaa' 
			 	
			   
		)
2017-10-24 16:50:22,171 INFO  [catalina-exec-11] jdbc.sqlonly SQL         :  SELECT
          *
   			 FROM USER 
   			 ORDER BY no DESC
2017-10-24 16:50:22,206 INFO  [catalina-exec-11] jdbc.resultsettable |---|-----------------------|------------|---------|----------|-------|------|----------------------|----------------------|
2017-10-24 16:50:22,206 INFO  [catalina-exec-11] jdbc.resultsettable |no |email                  |password    |username |memo      |status |role  |indate                |editdate              |
2017-10-24 16:50:22,207 INFO  [catalina-exec-11] jdbc.resultsettable |---|-----------------------|------------|---------|----------|-------|------|----------------------|----------------------|
2017-10-24 16:50:22,207 INFO  [catalina-exec-11] jdbc.resultsettable |6  |ttt@rockplace.co.kr    |rplinux)(*& |ttt      |aaaaaaaaa |Y      |USERS |2017-10-24 16:50:22.0 |[null]                |
2017-10-24 16:50:22,208 INFO  [catalina-exec-11] jdbc.resultsettable |5  |nationminu@daum.net    |111111      |송고은      |메모!!      |Y      |USERS |2017-08-15 21:30:55.0 |[null]                |
2017-10-24 16:50:22,208 INFO  [catalina-exec-11] jdbc.resultsettable |2  |nationminu@gmaol.com   |123456      |송민우      |메모!!!     |Y      |USERS |2017-08-14 12:37:56.0 |2017-08-15 21:44:59.0 |
2017-10-24 16:50:22,209 INFO  [catalina-exec-11] jdbc.resultsettable |1  |mwsong@rockplace.co.kr |123456      |송민우      |ㅁㄴㅇㅁㄴㅇ11  |Y      |USERS |2017-08-14 12:34:35.0 |2017-08-15 21:10:38.0 |
2017-10-24 16:50:22,209 INFO  [catalina-exec-11] jdbc.resultsettable |---|-----------------------|------------|---------|----------|-------|------|----------------------|----------------------|
2017-10-24 17:30:13,430 INFO  [catalina-exec-43] jdbc.sqlonly SQL         :  SELECT
          *
   			 FROM USER 
   			 ORDER BY no DESC
2017-10-24 17:30:13,485 INFO  [catalina-exec-43] jdbc.resultsettable |---|-----------------------|------------|---------|----------|-------|------|----------------------|----------------------|
2017-10-24 17:30:13,487 INFO  [catalina-exec-43] jdbc.resultsettable |no |email                  |password    |username |memo      |status |role  |indate                |editdate              |
2017-10-24 17:30:13,489 INFO  [catalina-exec-43] jdbc.resultsettable |---|-----------------------|------------|---------|----------|-------|------|----------------------|----------------------|
2017-10-24 17:30:13,489 INFO  [catalina-exec-43] jdbc.resultsettable |6  |ttt@rockplace.co.kr    |rplinux)(*& |ttt      |aaaaaaaaa |Y      |USERS |2017-10-24 16:50:22.0 |[null]                |
2017-10-24 17:30:13,490 INFO  [catalina-exec-43] jdbc.resultsettable |5  |nationminu@daum.net    |111111      |송고은      |메모!!      |Y      |USERS |2017-08-15 21:30:55.0 |[null]                |
2017-10-24 17:30:13,491 INFO  [catalina-exec-43] jdbc.resultsettable |2  |nationminu@gmaol.com   |123456      |송민우      |메모!!!     |Y      |USERS |2017-08-14 12:37:56.0 |2017-08-15 21:44:59.0 |
2017-10-24 17:30:13,492 INFO  [catalina-exec-43] jdbc.resultsettable |1  |mwsong@rockplace.co.kr |123456      |송민우      |ㅁㄴㅇㅁㄴㅇ11  |Y      |USERS |2017-08-14 12:34:35.0 |2017-08-15 21:10:38.0 |
2017-10-24 17:30:13,492 INFO  [catalina-exec-43] jdbc.resultsettable |---|-----------------------|------------|---------|----------|-------|------|----------------------|----------------------|
2017-10-24 17:33:08,332 INFO  [catalina-exec-62] jdbc.sqlonly SQL         :  SELECT
          *
   			 FROM USER 
   			 ORDER BY no DESC
2017-10-24 17:33:08,386 INFO  [catalina-exec-62] jdbc.resultsettable |---|-----------------------|------------|---------|----------|-------|------|----------------------|----------------------|
2017-10-24 17:33:08,387 INFO  [catalina-exec-62] jdbc.resultsettable |no |email                  |password    |username |memo      |status |role  |indate                |editdate              |
2017-10-24 17:33:08,388 INFO  [catalina-exec-62] jdbc.resultsettable |---|-----------------------|------------|---------|----------|-------|------|----------------------|----------------------|
2017-10-24 17:33:08,389 INFO  [catalina-exec-62] jdbc.resultsettable |6  |ttt@rockplace.co.kr    |rplinux)(*& |ttt      |aaaaaaaaa |Y      |USERS |2017-10-24 16:50:22.0 |[null]                |
2017-10-24 17:33:08,389 INFO  [catalina-exec-62] jdbc.resultsettable |5  |nationminu@daum.net    |111111      |송고은      |메모!!      |Y      |USERS |2017-08-15 21:30:55.0 |[null]                |
2017-10-24 17:33:08,390 INFO  [catalina-exec-62] jdbc.resultsettable |2  |nationminu@gmaol.com   |123456      |송민우      |메모!!!     |Y      |USERS |2017-08-14 12:37:56.0 |2017-08-15 21:44:59.0 |
2017-10-24 17:33:08,390 INFO  [catalina-exec-62] jdbc.resultsettable |1  |mwsong@rockplace.co.kr |123456      |송민우      |ㅁㄴㅇㅁㄴㅇ11  |Y      |USERS |2017-08-14 12:34:35.0 |2017-08-15 21:10:38.0 |
2017-10-24 17:33:08,390 INFO  [catalina-exec-62] jdbc.resultsettable |---|-----------------------|------------|---------|----------|-------|------|----------------------|----------------------|
2017-10-24 17:33:51,952 INFO  [catalina-exec-63] jdbc.sqlonly SQL         :  SELECT
          *
   			 FROM USER 
   			 ORDER BY no DESC
2017-10-24 17:33:51,996 INFO  [catalina-exec-63] jdbc.resultsettable |---|-----------------------|------------|---------|----------|-------|------|----------------------|----------------------|
2017-10-24 17:33:51,997 INFO  [catalina-exec-63] jdbc.resultsettable |no |email                  |password    |username |memo      |status |role  |indate                |editdate              |
2017-10-24 17:33:51,998 INFO  [catalina-exec-63] jdbc.resultsettable |---|-----------------------|------------|---------|----------|-------|------|----------------------|----------------------|
2017-10-24 17:33:51,998 INFO  [catalina-exec-63] jdbc.resultsettable |6  |ttt@rockplace.co.kr    |rplinux)(*& |ttt      |aaaaaaaaa |Y      |USERS |2017-10-24 16:50:22.0 |[null]                |
2017-10-24 17:33:51,998 INFO  [catalina-exec-63] jdbc.resultsettable |5  |nationminu@daum.net    |111111      |송고은      |메모!!      |Y      |USERS |2017-08-15 21:30:55.0 |[null]                |
2017-10-24 17:33:51,998 INFO  [catalina-exec-63] jdbc.resultsettable |2  |nationminu@gmaol.com   |123456      |송민우      |메모!!!     |Y      |USERS |2017-08-14 12:37:56.0 |2017-08-15 21:44:59.0 |
2017-10-24 17:33:51,998 INFO  [catalina-exec-63] jdbc.resultsettable |1  |mwsong@rockplace.co.kr |123456      |송민우      |ㅁㄴㅇㅁㄴㅇ11  |Y      |USERS |2017-08-14 12:34:35.0 |2017-08-15 21:10:38.0 |
2017-10-24 17:33:51,998 INFO  [catalina-exec-63] jdbc.resultsettable |---|-----------------------|------------|---------|----------|-------|------|----------------------|----------------------|
2017-10-24 17:49:15,205 INFO  [catalina-exec-1] jdbc.sqlonly SQL         :  SELECT
          *
   			 FROM USER 
   			 ORDER BY no DESC
2017-10-24 17:49:15,332 INFO  [catalina-exec-1] jdbc.resultsettable |---|-----------------------|------------|---------|----------|-------|------|----------------------|----------------------|
2017-10-24 17:49:15,333 INFO  [catalina-exec-1] jdbc.resultsettable |no |email                  |password    |username |memo      |status |role  |indate                |editdate              |
2017-10-24 17:49:15,334 INFO  [catalina-exec-1] jdbc.resultsettable |---|-----------------------|------------|---------|----------|-------|------|----------------------|----------------------|
2017-10-24 17:49:15,334 INFO  [catalina-exec-1] jdbc.resultsettable |6  |ttt@rockplace.co.kr    |rplinux)(*& |ttt      |aaaaaaaaa |Y      |USERS |2017-10-24 16:50:22.0 |[null]                |
2017-10-24 17:49:15,334 INFO  [catalina-exec-1] jdbc.resultsettable |5  |nationminu@daum.net    |111111      |송고은      |메모!!      |Y      |USERS |2017-08-15 21:30:55.0 |[null]                |
2017-10-24 17:49:15,335 INFO  [catalina-exec-1] jdbc.resultsettable |2  |nationminu@gmaol.com   |123456      |송민우      |메모!!!     |Y      |USERS |2017-08-14 12:37:56.0 |2017-08-15 21:44:59.0 |
2017-10-24 17:49:15,335 INFO  [catalina-exec-1] jdbc.resultsettable |1  |mwsong@rockplace.co.kr |123456      |송민우      |ㅁㄴㅇㅁㄴㅇ11  |Y      |USERS |2017-08-14 12:34:35.0 |2017-08-15 21:10:38.0 |
2017-10-24 17:49:15,336 INFO  [catalina-exec-1] jdbc.resultsettable |---|-----------------------|------------|---------|----------|-------|------|----------------------|----------------------|
2017-10-24 17:59:13,423 INFO  [catalina-exec-4] jdbc.sqlonly SQL         :  SELECT
          *
   			 FROM USER 
   			 ORDER BY no DESC
2017-10-24 17:59:13,473 INFO  [catalina-exec-4] jdbc.resultsettable |---|-----------------------|------------|---------|----------|-------|------|----------------------|----------------------|
2017-10-24 17:59:13,474 INFO  [catalina-exec-4] jdbc.resultsettable |no |email                  |password    |username |memo      |status |role  |indate                |editdate              |
2017-10-24 17:59:13,474 INFO  [catalina-exec-4] jdbc.resultsettable |---|-----------------------|------------|---------|----------|-------|------|----------------------|----------------------|
2017-10-24 17:59:13,474 INFO  [catalina-exec-4] jdbc.resultsettable |6  |ttt@rockplace.co.kr    |rplinux)(*& |ttt      |aaaaaaaaa |Y      |USERS |2017-10-24 16:50:22.0 |[null]                |
2017-10-24 17:59:13,475 INFO  [catalina-exec-4] jdbc.resultsettable |5  |nationminu@daum.net    |111111      |송고은      |메모!!      |Y      |USERS |2017-08-15 21:30:55.0 |[null]                |
2017-10-24 17:59:13,475 INFO  [catalina-exec-4] jdbc.resultsettable |2  |nationminu@gmaol.com   |123456      |송민우      |메모!!!     |Y      |USERS |2017-08-14 12:37:56.0 |2017-08-15 21:44:59.0 |
2017-10-24 17:59:13,475 INFO  [catalina-exec-4] jdbc.resultsettable |1  |mwsong@rockplace.co.kr |123456      |송민우      |ㅁㄴㅇㅁㄴㅇ11  |Y      |USERS |2017-08-14 12:34:35.0 |2017-08-15 21:10:38.0 |
2017-10-24 17:59:13,476 INFO  [catalina-exec-4] jdbc.resultsettable |---|-----------------------|------------|---------|----------|-------|------|----------------------|----------------------|
2017-10-24 18:03:48,769 INFO  [catalina-exec-36] jdbc.sqlonly SQL         :  SELECT
          *
   			 FROM USER 
   			 ORDER BY no DESC
2017-10-24 18:03:48,812 INFO  [catalina-exec-36] jdbc.resultsettable |---|-----------------------|------------|---------|----------|-------|------|----------------------|----------------------|
2017-10-24 18:03:48,814 INFO  [catalina-exec-36] jdbc.resultsettable |no |email                  |password    |username |memo      |status |role  |indate                |editdate              |
2017-10-24 18:03:48,814 INFO  [catalina-exec-36] jdbc.resultsettable |---|-----------------------|------------|---------|----------|-------|------|----------------------|----------------------|
2017-10-24 18:03:48,815 INFO  [catalina-exec-36] jdbc.resultsettable |6  |ttt@rockplace.co.kr    |rplinux)(*& |ttt      |aaaaaaaaa |Y      |USERS |2017-10-24 16:50:22.0 |[null]                |
2017-10-24 18:03:48,815 INFO  [catalina-exec-36] jdbc.resultsettable |5  |nationminu@daum.net    |111111      |송고은      |메모!!      |Y      |USERS |2017-08-15 21:30:55.0 |[null]                |
2017-10-24 18:03:48,815 INFO  [catalina-exec-36] jdbc.resultsettable |2  |nationminu@gmaol.com   |123456      |송민우      |메모!!!     |Y      |USERS |2017-08-14 12:37:56.0 |2017-08-15 21:44:59.0 |
2017-10-24 18:03:48,815 INFO  [catalina-exec-36] jdbc.resultsettable |1  |mwsong@rockplace.co.kr |123456      |송민우      |ㅁㄴㅇㅁㄴㅇ11  |Y      |USERS |2017-08-14 12:34:35.0 |2017-08-15 21:10:38.0 |
2017-10-24 18:03:48,815 INFO  [catalina-exec-36] jdbc.resultsettable |---|-----------------------|------------|---------|----------|-------|------|----------------------|----------------------|
2017-10-24 18:05:56,238 INFO  [catalina-exec-37] jdbc.sqlonly SQL         :  SELECT
          *
   			 FROM USER 
   			 ORDER BY no DESC
2017-10-24 18:05:56,285 INFO  [catalina-exec-37] jdbc.resultsettable |---|-----------------------|------------|---------|----------|-------|------|----------------------|----------------------|
2017-10-24 18:05:56,286 INFO  [catalina-exec-37] jdbc.resultsettable |no |email                  |password    |username |memo      |status |role  |indate                |editdate              |
2017-10-24 18:05:56,286 INFO  [catalina-exec-37] jdbc.resultsettable |---|-----------------------|------------|---------|----------|-------|------|----------------------|----------------------|
2017-10-24 18:05:56,286 INFO  [catalina-exec-37] jdbc.resultsettable |6  |ttt@rockplace.co.kr    |rplinux)(*& |ttt      |aaaaaaaaa |Y      |USERS |2017-10-24 16:50:22.0 |[null]                |
2017-10-24 18:05:56,286 INFO  [catalina-exec-37] jdbc.resultsettable |5  |nationminu@daum.net    |111111      |송고은      |메모!!      |Y      |USERS |2017-08-15 21:30:55.0 |[null]                |
2017-10-24 18:05:56,287 INFO  [catalina-exec-37] jdbc.resultsettable |2  |nationminu@gmaol.com   |123456      |송민우      |메모!!!     |Y      |USERS |2017-08-14 12:37:56.0 |2017-08-15 21:44:59.0 |
2017-10-24 18:05:56,287 INFO  [catalina-exec-37] jdbc.resultsettable |1  |mwsong@rockplace.co.kr |123456      |송민우      |ㅁㄴㅇㅁㄴㅇ11  |Y      |USERS |2017-08-14 12:34:35.0 |2017-08-15 21:10:38.0 |
2017-10-24 18:05:56,287 INFO  [catalina-exec-37] jdbc.resultsettable |---|-----------------------|------------|---------|----------|-------|------|----------------------|----------------------|
2017-10-24 18:19:16,846 INFO  [catalina-exec-62] jdbc.sqlonly SQL         :  SELECT
          *
   			 FROM USER 
   			 ORDER BY no DESC
2017-10-24 18:19:16,891 INFO  [catalina-exec-62] jdbc.resultsettable |---|-----------------------|------------|---------|----------|-------|------|----------------------|----------------------|
2017-10-24 18:19:16,892 INFO  [catalina-exec-62] jdbc.resultsettable |no |email                  |password    |username |memo      |status |role  |indate                |editdate              |
2017-10-24 18:19:16,892 INFO  [catalina-exec-62] jdbc.resultsettable |---|-----------------------|------------|---------|----------|-------|------|----------------------|----------------------|
2017-10-24 18:19:16,892 INFO  [catalina-exec-62] jdbc.resultsettable |6  |ttt@rockplace.co.kr    |rplinux)(*& |ttt      |aaaaaaaaa |Y      |USERS |2017-10-24 16:50:22.0 |[null]                |
2017-10-24 18:19:16,892 INFO  [catalina-exec-62] jdbc.resultsettable |5  |nationminu@daum.net    |111111      |송고은      |메모!!      |Y      |USERS |2017-08-15 21:30:55.0 |[null]                |
2017-10-24 18:19:16,893 INFO  [catalina-exec-62] jdbc.resultsettable |2  |nationminu@gmaol.com   |123456      |송민우      |메모!!!     |Y      |USERS |2017-08-14 12:37:56.0 |2017-08-15 21:44:59.0 |
2017-10-24 18:19:16,893 INFO  [catalina-exec-62] jdbc.resultsettable |1  |mwsong@rockplace.co.kr |123456      |송민우      |ㅁㄴㅇㅁㄴㅇ11  |Y      |USERS |2017-08-14 12:34:35.0 |2017-08-15 21:10:38.0 |
2017-10-24 18:19:16,893 INFO  [catalina-exec-62] jdbc.resultsettable |---|-----------------------|------------|---------|----------|-------|------|----------------------|----------------------|
2017-10-24 18:20:14,351 INFO  [catalina-exec-65] jdbc.sqlonly SQL         :  SELECT
          *
   			 FROM USER 
   			 ORDER BY no DESC
2017-10-24 18:20:14,395 INFO  [catalina-exec-65] jdbc.resultsettable |---|-----------------------|------------|---------|----------|-------|------|----------------------|----------------------|
2017-10-24 18:20:14,397 INFO  [catalina-exec-65] jdbc.resultsettable |no |email                  |password    |username |memo      |status |role  |indate                |editdate              |
2017-10-24 18:20:14,398 INFO  [catalina-exec-65] jdbc.resultsettable |---|-----------------------|------------|---------|----------|-------|------|----------------------|----------------------|
2017-10-24 18:20:14,398 INFO  [catalina-exec-65] jdbc.resultsettable |6  |ttt@rockplace.co.kr    |rplinux)(*& |ttt      |aaaaaaaaa |Y      |USERS |2017-10-24 16:50:22.0 |[null]                |
2017-10-24 18:20:14,398 INFO  [catalina-exec-65] jdbc.resultsettable |5  |nationminu@daum.net    |111111      |송고은      |메모!!      |Y      |USERS |2017-08-15 21:30:55.0 |[null]                |
2017-10-24 18:20:14,399 INFO  [catalina-exec-65] jdbc.resultsettable |2  |nationminu@gmaol.com   |123456      |송민우      |메모!!!     |Y      |USERS |2017-08-14 12:37:56.0 |2017-08-15 21:44:59.0 |
2017-10-24 18:20:14,399 INFO  [catalina-exec-65] jdbc.resultsettable |1  |mwsong@rockplace.co.kr |123456      |송민우      |ㅁㄴㅇㅁㄴㅇ11  |Y      |USERS |2017-08-14 12:34:35.0 |2017-08-15 21:10:38.0 |
2017-10-24 18:20:14,400 INFO  [catalina-exec-65] jdbc.resultsettable |---|-----------------------|------------|---------|----------|-------|------|----------------------|----------------------|
2017-10-24 18:25:15,561 INFO  [catalina-exec-68] jdbc.sqlonly SQL         :  SELECT
          *
   			 FROM USER 
   			 ORDER BY no DESC
2017-10-24 18:25:15,608 INFO  [catalina-exec-68] jdbc.resultsettable |---|-----------------------|------------|---------|----------|-------|------|----------------------|----------------------|
2017-10-24 18:25:15,609 INFO  [catalina-exec-68] jdbc.resultsettable |no |email                  |password    |username |memo      |status |role  |indate                |editdate              |
2017-10-24 18:25:15,609 INFO  [catalina-exec-68] jdbc.resultsettable |---|-----------------------|------------|---------|----------|-------|------|----------------------|----------------------|
2017-10-24 18:25:15,609 INFO  [catalina-exec-68] jdbc.resultsettable |6  |ttt@rockplace.co.kr    |rplinux)(*& |ttt      |aaaaaaaaa |Y      |USERS |2017-10-24 16:50:22.0 |[null]                |
2017-10-24 18:25:15,609 INFO  [catalina-exec-68] jdbc.resultsettable |5  |nationminu@daum.net    |111111      |송고은      |메모!!      |Y      |USERS |2017-08-15 21:30:55.0 |[null]                |
2017-10-24 18:25:15,609 INFO  [catalina-exec-68] jdbc.resultsettable |2  |nationminu@gmaol.com   |123456      |송민우      |메모!!!     |Y      |USERS |2017-08-14 12:37:56.0 |2017-08-15 21:44:59.0 |
2017-10-24 18:25:15,609 INFO  [catalina-exec-68] jdbc.resultsettable |1  |mwsong@rockplace.co.kr |123456      |송민우      |ㅁㄴㅇㅁㄴㅇ11  |Y      |USERS |2017-08-14 12:34:35.0 |2017-08-15 21:10:38.0 |
2017-10-24 18:25:15,609 INFO  [catalina-exec-68] jdbc.resultsettable |---|-----------------------|------------|---------|----------|-------|------|----------------------|----------------------|
2017-10-24 18:27:27,006 INFO  [catalina-exec-99] jdbc.sqlonly SQL         :  SELECT
          *
   			 FROM USER 
   			 ORDER BY no DESC
2017-10-24 18:27:27,054 INFO  [catalina-exec-99] jdbc.resultsettable |---|-----------------------|------------|---------|----------|-------|------|----------------------|----------------------|
2017-10-24 18:27:27,055 INFO  [catalina-exec-99] jdbc.resultsettable |no |email                  |password    |username |memo      |status |role  |indate                |editdate              |
2017-10-24 18:27:27,055 INFO  [catalina-exec-99] jdbc.resultsettable |---|-----------------------|------------|---------|----------|-------|------|----------------------|----------------------|
2017-10-24 18:27:27,055 INFO  [catalina-exec-99] jdbc.resultsettable |6  |ttt@rockplace.co.kr    |rplinux)(*& |ttt      |aaaaaaaaa |Y      |USERS |2017-10-24 16:50:22.0 |[null]                |
2017-10-24 18:27:27,055 INFO  [catalina-exec-99] jdbc.resultsettable |5  |nationminu@daum.net    |111111      |송고은      |메모!!      |Y      |USERS |2017-08-15 21:30:55.0 |[null]                |
2017-10-24 18:27:27,055 INFO  [catalina-exec-99] jdbc.resultsettable |2  |nationminu@gmaol.com   |123456      |송민우      |메모!!!     |Y      |USERS |2017-08-14 12:37:56.0 |2017-08-15 21:44:59.0 |
2017-10-24 18:27:27,055 INFO  [catalina-exec-99] jdbc.resultsettable |1  |mwsong@rockplace.co.kr |123456      |송민우      |ㅁㄴㅇㅁㄴㅇ11  |Y      |USERS |2017-08-14 12:34:35.0 |2017-08-15 21:10:38.0 |
2017-10-24 18:27:27,055 INFO  [catalina-exec-99] jdbc.resultsettable |---|-----------------------|------------|---------|----------|-------|------|----------------------|----------------------|
2017-10-24 18:28:26,151 INFO  [catalina-exec-96] jdbc.sqlonly SQL         :  SELECT
          *
   			 FROM USER 
   			 ORDER BY no DESC
2017-10-24 18:28:26,198 INFO  [catalina-exec-96] jdbc.resultsettable |---|-----------------------|------------|---------|----------|-------|------|----------------------|----------------------|
2017-10-24 18:28:26,199 INFO  [catalina-exec-96] jdbc.resultsettable |no |email                  |password    |username |memo      |status |role  |indate                |editdate              |
2017-10-24 18:28:26,199 INFO  [catalina-exec-96] jdbc.resultsettable |---|-----------------------|------------|---------|----------|-------|------|----------------------|----------------------|
2017-10-24 18:28:26,199 INFO  [catalina-exec-96] jdbc.resultsettable |6  |ttt@rockplace.co.kr    |rplinux)(*& |ttt      |aaaaaaaaa |Y      |USERS |2017-10-24 16:50:22.0 |[null]                |
2017-10-24 18:28:26,199 INFO  [catalina-exec-96] jdbc.resultsettable |5  |nationminu@daum.net    |111111      |송고은      |메모!!      |Y      |USERS |2017-08-15 21:30:55.0 |[null]                |
2017-10-24 18:28:26,199 INFO  [catalina-exec-96] jdbc.resultsettable |2  |nationminu@gmaol.com   |123456      |송민우      |메모!!!     |Y      |USERS |2017-08-14 12:37:56.0 |2017-08-15 21:44:59.0 |
2017-10-24 18:28:26,200 INFO  [catalina-exec-96] jdbc.resultsettable |1  |mwsong@rockplace.co.kr |123456      |송민우      |ㅁㄴㅇㅁㄴㅇ11  |Y      |USERS |2017-08-14 12:34:35.0 |2017-08-15 21:10:38.0 |
2017-10-24 18:28:26,200 INFO  [catalina-exec-96] jdbc.resultsettable |---|-----------------------|------------|---------|----------|-------|------|----------------------|----------------------|
2017-10-24 18:30:01,291 INFO  [catalina-exec-89] jdbc.sqlonly SQL         :  SELECT
          *
   			 FROM USER 
   			 ORDER BY no DESC
2017-10-24 18:30:01,333 INFO  [catalina-exec-89] jdbc.resultsettable |---|-----------------------|------------|---------|----------|-------|------|----------------------|----------------------|
2017-10-24 18:30:01,335 INFO  [catalina-exec-89] jdbc.resultsettable |no |email                  |password    |username |memo      |status |role  |indate                |editdate              |
2017-10-24 18:30:01,336 INFO  [catalina-exec-89] jdbc.resultsettable |---|-----------------------|------------|---------|----------|-------|------|----------------------|----------------------|
2017-10-24 18:30:01,336 INFO  [catalina-exec-89] jdbc.resultsettable |6  |ttt@rockplace.co.kr    |rplinux)(*& |ttt      |aaaaaaaaa |Y      |USERS |2017-10-24 16:50:22.0 |[null]                |
2017-10-24 18:30:01,338 INFO  [catalina-exec-89] jdbc.resultsettable |5  |nationminu@daum.net    |111111      |송고은      |메모!!      |Y      |USERS |2017-08-15 21:30:55.0 |[null]                |
2017-10-24 18:30:01,341 INFO  [catalina-exec-89] jdbc.resultsettable |2  |nationminu@gmaol.com   |123456      |송민우      |메모!!!     |Y      |USERS |2017-08-14 12:37:56.0 |2017-08-15 21:44:59.0 |
2017-10-24 18:30:01,341 INFO  [catalina-exec-89] jdbc.resultsettable |1  |mwsong@rockplace.co.kr |123456      |송민우      |ㅁㄴㅇㅁㄴㅇ11  |Y      |USERS |2017-08-14 12:34:35.0 |2017-08-15 21:10:38.0 |
2017-10-24 18:30:01,341 INFO  [catalina-exec-89] jdbc.resultsettable |---|-----------------------|------------|---------|----------|-------|------|----------------------|----------------------|
2017-10-24 18:39:18,246 INFO  [catalina-exec-129] jdbc.sqlonly SQL         :  SELECT
          *
   			 FROM USER 
   			 ORDER BY no DESC
2017-10-24 18:39:18,284 INFO  [catalina-exec-129] jdbc.resultsettable |---|-----------------------|------------|---------|----------|-------|------|----------------------|----------------------|
2017-10-24 18:39:18,284 INFO  [catalina-exec-129] jdbc.resultsettable |no |email                  |password    |username |memo      |status |role  |indate                |editdate              |
2017-10-24 18:39:18,284 INFO  [catalina-exec-129] jdbc.resultsettable |---|-----------------------|------------|---------|----------|-------|------|----------------------|----------------------|
2017-10-24 18:39:18,284 INFO  [catalina-exec-129] jdbc.resultsettable |6  |ttt@rockplace.co.kr    |rplinux)(*& |ttt      |aaaaaaaaa |Y      |USERS |2017-10-24 16:50:22.0 |[null]                |
2017-10-24 18:39:18,284 INFO  [catalina-exec-129] jdbc.resultsettable |5  |nationminu@daum.net    |111111      |송고은      |메모!!      |Y      |USERS |2017-08-15 21:30:55.0 |[null]                |
2017-10-24 18:39:18,285 INFO  [catalina-exec-129] jdbc.resultsettable |2  |nationminu@gmaol.com   |123456      |송민우      |메모!!!     |Y      |USERS |2017-08-14 12:37:56.0 |2017-08-15 21:44:59.0 |
2017-10-24 18:39:18,285 INFO  [catalina-exec-129] jdbc.resultsettable |1  |mwsong@rockplace.co.kr |123456      |송민우      |ㅁㄴㅇㅁㄴㅇ11  |Y      |USERS |2017-08-14 12:34:35.0 |2017-08-15 21:10:38.0 |
2017-10-24 18:39:18,285 INFO  [catalina-exec-129] jdbc.resultsettable |---|-----------------------|------------|---------|----------|-------|------|----------------------|----------------------|
2017-10-24 18:40:20,098 INFO  [catalina-exec-141] jdbc.sqlonly SQL         :  SELECT
          *
   			 FROM USER 
   			 ORDER BY no DESC
2017-10-24 18:40:20,148 INFO  [catalina-exec-141] jdbc.resultsettable |---|-----------------------|------------|---------|----------|-------|------|----------------------|----------------------|
2017-10-24 18:40:20,148 INFO  [catalina-exec-141] jdbc.resultsettable |no |email                  |password    |username |memo      |status |role  |indate                |editdate              |
2017-10-24 18:40:20,148 INFO  [catalina-exec-141] jdbc.resultsettable |---|-----------------------|------------|---------|----------|-------|------|----------------------|----------------------|
2017-10-24 18:40:20,149 INFO  [catalina-exec-141] jdbc.resultsettable |6  |ttt@rockplace.co.kr    |rplinux)(*& |ttt      |aaaaaaaaa |Y      |USERS |2017-10-24 16:50:22.0 |[null]                |
2017-10-24 18:40:20,149 INFO  [catalina-exec-141] jdbc.resultsettable |5  |nationminu@daum.net    |111111      |송고은      |메모!!      |Y      |USERS |2017-08-15 21:30:55.0 |[null]                |
2017-10-24 18:40:20,149 INFO  [catalina-exec-141] jdbc.resultsettable |2  |nationminu@gmaol.com   |123456      |송민우      |메모!!!     |Y      |USERS |2017-08-14 12:37:56.0 |2017-08-15 21:44:59.0 |
2017-10-24 18:40:20,149 INFO  [catalina-exec-141] jdbc.resultsettable |1  |mwsong@rockplace.co.kr |123456      |송민우      |ㅁㄴㅇㅁㄴㅇ11  |Y      |USERS |2017-08-14 12:34:35.0 |2017-08-15 21:10:38.0 |
2017-10-24 18:40:20,149 INFO  [catalina-exec-141] jdbc.resultsettable |---|-----------------------|------------|---------|----------|-------|------|----------------------|----------------------|
