13-Nov-2017 15:14:42.172 WARNING [main] org.apache.catalina.core.StandardContext.setPath A context path must either be an empty string or start with a '/' and do not end with a '/'. The path [session] does not meet these criteria and has been changed to [/session]
13-Nov-2017 15:14:42.190 INFO [main] org.apache.catalina.startup.VersionLoggerListener.log Server version:        Apache Tomcat/8.5.16
13-Nov-2017 15:14:42.190 INFO [main] org.apache.catalina.startup.VersionLoggerListener.log Server built:          Jun 21 2017 17:01:09 UTC
13-Nov-2017 15:14:42.190 INFO [main] org.apache.catalina.startup.VersionLoggerListener.log Server number:         8.5.16.0
13-Nov-2017 15:14:42.190 INFO [main] org.apache.catalina.startup.VersionLoggerListener.log OS Name:               Linux
13-Nov-2017 15:14:42.190 INFO [main] org.apache.catalina.startup.VersionLoggerListener.log OS Version:            4.8.0-53-generic
13-Nov-2017 15:14:42.190 INFO [main] org.apache.catalina.startup.VersionLoggerListener.log Architecture:          amd64
13-Nov-2017 15:14:42.190 INFO [main] org.apache.catalina.startup.VersionLoggerListener.log Java Home:             /home/ssong/Apps/java/jdk1.8.0_121/jre
13-Nov-2017 15:14:42.190 INFO [main] org.apache.catalina.startup.VersionLoggerListener.log JVM Version:           1.8.0_121-b13
13-Nov-2017 15:14:42.191 INFO [main] org.apache.catalina.startup.VersionLoggerListener.log JVM Vendor:            Oracle Corporation
13-Nov-2017 15:14:42.191 INFO [main] org.apache.catalina.startup.VersionLoggerListener.log CATALINA_BASE:         /home/ssong/Apps/git-local/tomcat-script/instances/tomcat8
13-Nov-2017 15:14:42.191 INFO [main] org.apache.catalina.startup.VersionLoggerListener.log CATALINA_HOME:         /home/ssong/Apps/git-local/tomcat-script/engines/apache-tomcat-8.5.16
13-Nov-2017 15:14:42.191 INFO [main] org.apache.catalina.startup.VersionLoggerListener.log Command line argument: -Djava.util.logging.config.file=../../../instances/tomcat8/conf/logging.properties
13-Nov-2017 15:14:42.191 INFO [main] org.apache.catalina.startup.VersionLoggerListener.log Command line argument: -Djava.util.logging.manager=org.apache.juli.ClassLoaderLogManager
13-Nov-2017 15:14:42.191 INFO [main] org.apache.catalina.startup.VersionLoggerListener.log Command line argument: -D[SERVER_NAME=tomcat8]
13-Nov-2017 15:14:42.191 INFO [main] org.apache.catalina.startup.VersionLoggerListener.log Command line argument: -Dserver.base=../../..
13-Nov-2017 15:14:42.191 INFO [main] org.apache.catalina.startup.VersionLoggerListener.log Command line argument: -Dcatalina.base.log=../../../instances/tomcat8/logs
13-Nov-2017 15:14:42.191 INFO [main] org.apache.catalina.startup.VersionLoggerListener.log Command line argument: -Dfile.encoding=UTF-8
13-Nov-2017 15:14:42.191 INFO [main] org.apache.catalina.startup.VersionLoggerListener.log Command line argument: -Dserver.encoding=UTF-8
13-Nov-2017 15:14:42.192 INFO [main] org.apache.catalina.startup.VersionLoggerListener.log Command line argument: -Dserver.name=tomcat8
13-Nov-2017 15:14:42.192 INFO [main] org.apache.catalina.startup.VersionLoggerListener.log Command line argument: -Xms1024m
13-Nov-2017 15:14:42.192 INFO [main] org.apache.catalina.startup.VersionLoggerListener.log Command line argument: -Xmx1024m
13-Nov-2017 15:14:42.192 INFO [main] org.apache.catalina.startup.VersionLoggerListener.log Command line argument: -XX:MetaspaceSize=256m
13-Nov-2017 15:14:42.192 INFO [main] org.apache.catalina.startup.VersionLoggerListener.log Command line argument: -XX:MaxMetaspaceSize=256m
13-Nov-2017 15:14:42.192 INFO [main] org.apache.catalina.startup.VersionLoggerListener.log Command line argument: -XX:+UseParallelGC
13-Nov-2017 15:14:42.192 INFO [main] org.apache.catalina.startup.VersionLoggerListener.log Command line argument: -XX:+UseParallelOldGC
13-Nov-2017 15:14:42.192 INFO [main] org.apache.catalina.startup.VersionLoggerListener.log Command line argument: -verbose:gc
13-Nov-2017 15:14:42.192 INFO [main] org.apache.catalina.startup.VersionLoggerListener.log Command line argument: -Xloggc:../../../instances/tomcat8/logs/gclog/tomcat8_gc.log
13-Nov-2017 15:14:42.192 INFO [main] org.apache.catalina.startup.VersionLoggerListener.log Command line argument: -XX:+PrintGCDetails
13-Nov-2017 15:14:42.192 INFO [main] org.apache.catalina.startup.VersionLoggerListener.log Command line argument: -XX:+PrintGCTimeStamps
13-Nov-2017 15:14:42.192 INFO [main] org.apache.catalina.startup.VersionLoggerListener.log Command line argument: -XX:+PrintHeapAtGC
13-Nov-2017 15:14:42.192 INFO [main] org.apache.catalina.startup.VersionLoggerListener.log Command line argument: -XX:+HeapDumpOnOutOfMemoryError
13-Nov-2017 15:14:42.192 INFO [main] org.apache.catalina.startup.VersionLoggerListener.log Command line argument: -XX:HeapDumpPath=../../../instances/tomcat8/logs/tomcat8_java_pid_20171113151441.hprof
13-Nov-2017 15:14:42.192 INFO [main] org.apache.catalina.startup.VersionLoggerListener.log Command line argument: -Dcom.sun.management.jmxremote
13-Nov-2017 15:14:42.193 INFO [main] org.apache.catalina.startup.VersionLoggerListener.log Command line argument: -Dcom.sun.management.jmxremote.ssl=false
13-Nov-2017 15:14:42.193 INFO [main] org.apache.catalina.startup.VersionLoggerListener.log Command line argument: -Dcom.sun.management.jmxremote.authenticate=true
13-Nov-2017 15:14:42.193 INFO [main] org.apache.catalina.startup.VersionLoggerListener.log Command line argument: -Dcom.sun.management.jmxremote.access.file=../../../commons/conf/jmxremote.access
13-Nov-2017 15:14:42.193 INFO [main] org.apache.catalina.startup.VersionLoggerListener.log Command line argument: -Dcom.sun.management.jmxremote.password.file=../../../commons/conf/jmxremote.password
13-Nov-2017 15:14:42.193 INFO [main] org.apache.catalina.startup.VersionLoggerListener.log Command line argument: -Dcom.sun.management.jmxremote.port=9999
13-Nov-2017 15:14:42.193 INFO [main] org.apache.catalina.startup.VersionLoggerListener.log Command line argument: -Dcom.sun.management.jmxremote.host=127.0.0.1
13-Nov-2017 15:14:42.193 INFO [main] org.apache.catalina.startup.VersionLoggerListener.log Command line argument: -Djava.rmi.server.hostname=127.0.0.1
13-Nov-2017 15:14:42.193 INFO [main] org.apache.catalina.startup.VersionLoggerListener.log Command line argument: -Dhttp.bind.port=8080
13-Nov-2017 15:14:42.193 INFO [main] org.apache.catalina.startup.VersionLoggerListener.log Command line argument: -Dhttps.bind.port=8443
13-Nov-2017 15:14:42.193 INFO [main] org.apache.catalina.startup.VersionLoggerListener.log Command line argument: -Dajp.bind.port=8009
13-Nov-2017 15:14:42.193 INFO [main] org.apache.catalina.startup.VersionLoggerListener.log Command line argument: -Dshutdown.bind.port=8005
13-Nov-2017 15:14:42.193 INFO [main] org.apache.catalina.startup.VersionLoggerListener.log Command line argument: -Dmanagement.bind.port=9990
13-Nov-2017 15:14:42.193 INFO [main] org.apache.catalina.startup.VersionLoggerListener.log Command line argument: -Djava.security.egd=file:/dev/./urandom
13-Nov-2017 15:14:42.193 INFO [main] org.apache.catalina.startup.VersionLoggerListener.log Command line argument: -Djava.net.preferIPv4Stack=true
13-Nov-2017 15:14:42.193 INFO [main] org.apache.catalina.startup.VersionLoggerListener.log Command line argument: -Djdk.tls.ephemeralDHKeySize=2048
13-Nov-2017 15:14:42.193 INFO [main] org.apache.catalina.startup.VersionLoggerListener.log Command line argument: -Djava.protocol.handler.pkgs=org.apache.catalina.webresources
13-Nov-2017 15:14:42.194 INFO [main] org.apache.catalina.startup.VersionLoggerListener.log Command line argument: -Dcatalina.base=../../../instances/tomcat8
13-Nov-2017 15:14:42.194 INFO [main] org.apache.catalina.startup.VersionLoggerListener.log Command line argument: -Dcatalina.home=../../../engines/apache-tomcat-8.5.16
13-Nov-2017 15:14:42.194 INFO [main] org.apache.catalina.startup.VersionLoggerListener.log Command line argument: -Djava.io.tmpdir=../../../instances/tomcat8/temp
13-Nov-2017 15:14:42.194 INFO [main] org.apache.catalina.core.AprLifecycleListener.lifecycleEvent The APR based Apache Tomcat Native library which allows optimal performance in production environments was not found on the java.library.path: [:../../../commons/native:/usr/java/packages/lib/amd64:/usr/lib64:/lib64:/lib:/usr/lib]
13-Nov-2017 15:14:42.374 INFO [main] org.apache.coyote.AbstractProtocol.init Initializing ProtocolHandler ["http-nio-8080"]
13-Nov-2017 15:14:42.392 INFO [main] org.apache.tomcat.util.net.NioSelectorPool.getSharedSelector Using a shared selector for servlet write/read
13-Nov-2017 15:14:42.394 INFO [main] org.apache.coyote.AbstractProtocol.init Initializing ProtocolHandler ["ajp-nio-8009"]
13-Nov-2017 15:14:42.397 INFO [main] org.apache.tomcat.util.net.NioSelectorPool.getSharedSelector Using a shared selector for servlet write/read
13-Nov-2017 15:14:42.400 INFO [main] org.apache.coyote.AbstractProtocol.init Initializing ProtocolHandler ["http-nio-9990"]
13-Nov-2017 15:14:42.402 INFO [main] org.apache.tomcat.util.net.NioSelectorPool.getSharedSelector Using a shared selector for servlet write/read
13-Nov-2017 15:14:42.405 INFO [main] org.apache.catalina.startup.Catalina.load Initialization processed in 682 ms
13-Nov-2017 15:14:42.486 INFO [main] org.apache.catalina.core.StandardService.startInternal Starting service [Catalina]
13-Nov-2017 15:14:42.486 INFO [main] org.apache.catalina.core.StandardEngine.startInternal Starting Servlet Engine: Apache Tomcat/8.5.16
13-Nov-2017 15:14:42.876 INFO [localhost-startStop-1] org.apache.jasper.servlet.TldScanner.scanJars At least one JAR was scanned for TLDs yet contained no TLDs. Enable debug logging for this logger for a complete list of JARs that were scanned but no TLDs were found in them. Skipping unneeded JARs during scanning can improve startup time and JSP compilation time.
13-Nov-2017 15:14:42.924 INFO [localhost-startStop-1] org.apache.catalina.startup.HostConfig.deployWAR Deploying web application archive [/home/ssong/Apps/git-local/tomcat-script/instances/tomcat8/webapps/rocker.war]
13-Nov-2017 15:14:44.159 INFO [localhost-startStop-1] org.apache.jasper.servlet.TldScanner.scanJars At least one JAR was scanned for TLDs yet contained no TLDs. Enable debug logging for this logger for a complete list of JARs that were scanned but no TLDs were found in them. Skipping unneeded JARs during scanning can improve startup time and JSP compilation time.
13-Nov-2017 15:14:44.165 INFO [localhost-startStop-1] org.apache.catalina.core.ApplicationContext.log No Spring WebApplicationInitializer types detected on classpath
13-Nov-2017 15:14:44.176 INFO [localhost-startStop-1] org.apache.catalina.core.ApplicationContext.log Set web app root system property: 'webapp.root' = [/home/ssong/Apps/git-local/tomcat-script/instances/tomcat8/webapps/rocker/]
13-Nov-2017 15:14:44.249 INFO [localhost-startStop-1] org.apache.catalina.core.ApplicationContext.log Initializing log4j from [classpath:/config/properties/log4j.xml]
13-Nov-2017 15:14:44.348 INFO [localhost-startStop-1] org.apache.catalina.core.ApplicationContext.log Initializing Spring root WebApplicationContext
13-Nov-2017 15:14:44.691 INFO [localhost-startStop-1] org.apache.catalina.core.ApplicationContext.log Initializing Spring FrameworkServlet 'servlet'
13-Nov-2017 15:14:46.638 INFO [localhost-startStop-1] org.apache.catalina.startup.HostConfig.deployWAR Deployment of web application archive [/home/ssong/Apps/git-local/tomcat-script/instances/tomcat8/webapps/rocker.war] has finished in [3,713] ms
13-Nov-2017 15:14:46.639 INFO [localhost-startStop-1] org.apache.catalina.startup.HostConfig.deployDirectory Deploying web application directory [/home/ssong/Apps/git-local/tomcat-script/instances/tomcat8/webapps/manager]
13-Nov-2017 15:14:46.761 INFO [localhost-startStop-1] org.apache.jasper.servlet.TldScanner.scanJars At least one JAR was scanned for TLDs yet contained no TLDs. Enable debug logging for this logger for a complete list of JARs that were scanned but no TLDs were found in them. Skipping unneeded JARs during scanning can improve startup time and JSP compilation time.
13-Nov-2017 15:14:46.767 INFO [localhost-startStop-1] org.apache.catalina.startup.HostConfig.deployDirectory Deployment of web application directory [/home/ssong/Apps/git-local/tomcat-script/instances/tomcat8/webapps/manager] has finished in [128] ms
13-Nov-2017 15:14:46.767 INFO [localhost-startStop-1] org.apache.catalina.startup.HostConfig.deployDirectory Deploying web application directory [/home/ssong/Apps/git-local/tomcat-script/instances/tomcat8/webapps/jolokia]
13-Nov-2017 15:14:46.957 INFO [localhost-startStop-1] org.apache.jasper.servlet.TldScanner.scanJars At least one JAR was scanned for TLDs yet contained no TLDs. Enable debug logging for this logger for a complete list of JARs that were scanned but no TLDs were found in them. Skipping unneeded JARs during scanning can improve startup time and JSP compilation time.
13-Nov-2017 15:14:46.971 INFO [localhost-startStop-1] org.apache.catalina.core.ApplicationContext.log jolokia-agent: No access restrictor found, access to any MBean is allowed
13-Nov-2017 15:14:47.092 INFO [localhost-startStop-1] org.apache.catalina.startup.HostConfig.deployDirectory Deployment of web application directory [/home/ssong/Apps/git-local/tomcat-script/instances/tomcat8/webapps/jolokia] has finished in [325] ms
13-Nov-2017 15:14:47.092 INFO [localhost-startStop-1] org.apache.catalina.startup.HostConfig.deployDirectory Deploying web application directory [/home/ssong/Apps/git-local/tomcat-script/instances/tomcat8/webapps/axis]
13-Nov-2017 15:14:48.428 INFO [localhost-startStop-1] org.apache.jasper.servlet.TldScanner.scanJars At least one JAR was scanned for TLDs yet contained no TLDs. Enable debug logging for this logger for a complete list of JARs that were scanned but no TLDs were found in them. Skipping unneeded JARs during scanning can improve startup time and JSP compilation time.
13-Nov-2017 15:14:49.228 INFO [localhost-startStop-1] org.apache.catalina.startup.HostConfig.deployDirectory Deployment of web application directory [/home/ssong/Apps/git-local/tomcat-script/instances/tomcat8/webapps/axis] has finished in [2,136] ms
13-Nov-2017 15:14:49.286 INFO [main] org.apache.coyote.AbstractProtocol.start Starting ProtocolHandler ["http-nio-8080"]
13-Nov-2017 15:14:49.291 INFO [main] org.apache.coyote.AbstractProtocol.start Starting ProtocolHandler ["ajp-nio-8009"]
13-Nov-2017 15:14:49.292 INFO [main] org.apache.coyote.AbstractProtocol.start Starting ProtocolHandler ["http-nio-9990"]
13-Nov-2017 15:14:49.312 INFO [main] org.apache.catalina.startup.Catalina.start Server startup in 6907 ms
13-Nov-2017 18:02:51.014 INFO [Thread-9] org.apache.coyote.AbstractProtocol.pause Pausing ProtocolHandler ["http-nio-8080"]
13-Nov-2017 18:02:51.070 INFO [Thread-9] org.apache.coyote.AbstractProtocol.pause Pausing ProtocolHandler ["ajp-nio-8009"]
13-Nov-2017 18:02:51.071 INFO [Thread-9] org.apache.coyote.AbstractProtocol.pause Pausing ProtocolHandler ["http-nio-9990"]
13-Nov-2017 18:02:51.071 INFO [Thread-9] org.apache.catalina.core.StandardService.stopInternal Stopping service [Catalina]
13-Nov-2017 18:02:51.140 INFO [localhost-startStop-2] org.apache.catalina.core.ApplicationContext.log Destroying Spring FrameworkServlet 'servlet'
13-Nov-2017 18:02:51.149 INFO [localhost-startStop-2] org.apache.catalina.core.ApplicationContext.log Closing Spring root WebApplicationContext
13-Nov-2017 18:02:51.152 INFO [localhost-startStop-2] org.apache.catalina.core.ApplicationContext.log Shutting down log4j
13-Nov-2017 18:02:51.177 INFO [Thread-9] org.apache.coyote.AbstractProtocol.stop Stopping ProtocolHandler ["http-nio-8080"]
13-Nov-2017 18:02:51.178 INFO [Thread-9] org.apache.coyote.AbstractProtocol.stop Stopping ProtocolHandler ["ajp-nio-8009"]
13-Nov-2017 18:02:51.178 INFO [Thread-9] org.apache.coyote.AbstractProtocol.stop Stopping ProtocolHandler ["http-nio-9990"]
13-Nov-2017 18:02:51.182 INFO [Thread-9] org.apache.coyote.AbstractProtocol.destroy Destroying ProtocolHandler ["http-nio-8080"]
13-Nov-2017 18:02:51.184 INFO [Thread-9] org.apache.coyote.AbstractProtocol.destroy Destroying ProtocolHandler ["ajp-nio-8009"]
13-Nov-2017 18:02:51.185 INFO [Thread-9] org.apache.coyote.AbstractProtocol.destroy Destroying ProtocolHandler ["http-nio-9990"]
