30-Oct-2017 11:30:16.378 경고 [main] org.apache.catalina.core.StandardContext.setPath A context path must either be an empty string or start with a '/' and do not end with a '/'. The path [session] does not meet these criteria and has been changed to [/session]
30-Oct-2017 11:30:16.398 정보 [main] org.apache.catalina.startup.VersionLoggerListener.log Server version:        Apache Tomcat/8.5.16
30-Oct-2017 11:30:16.398 정보 [main] org.apache.catalina.startup.VersionLoggerListener.log Server built:          Jun 21 2017 17:01:09 UTC
30-Oct-2017 11:30:16.398 정보 [main] org.apache.catalina.startup.VersionLoggerListener.log Server number:         8.5.16.0
30-Oct-2017 11:30:16.398 정보 [main] org.apache.catalina.startup.VersionLoggerListener.log OS Name:               Linux
30-Oct-2017 11:30:16.398 정보 [main] org.apache.catalina.startup.VersionLoggerListener.log OS Version:            4.4.0-96-generic
30-Oct-2017 11:30:16.398 정보 [main] org.apache.catalina.startup.VersionLoggerListener.log Architecture:          amd64
30-Oct-2017 11:30:16.398 정보 [main] org.apache.catalina.startup.VersionLoggerListener.log Java Home:             /home/ssong/Apps/java/jdk1.8.0_121/jre
30-Oct-2017 11:30:16.398 정보 [main] org.apache.catalina.startup.VersionLoggerListener.log JVM Version:           1.8.0_121-b13
30-Oct-2017 11:30:16.398 정보 [main] org.apache.catalina.startup.VersionLoggerListener.log JVM Vendor:            Oracle Corporation
30-Oct-2017 11:30:16.398 정보 [main] org.apache.catalina.startup.VersionLoggerListener.log CATALINA_BASE:         /home/ssong/Apps/git-local/tomcat-script/instances/tomcat8
30-Oct-2017 11:30:16.398 정보 [main] org.apache.catalina.startup.VersionLoggerListener.log CATALINA_HOME:         /home/ssong/Apps/git-local/tomcat-script/engines/apache-tomcat-8.5.16
30-Oct-2017 11:30:16.399 정보 [main] org.apache.catalina.startup.VersionLoggerListener.log Command line argument: -Djava.util.logging.config.file=../../../instances/tomcat8/conf/logging.properties
30-Oct-2017 11:30:16.399 정보 [main] org.apache.catalina.startup.VersionLoggerListener.log Command line argument: -Djava.util.logging.manager=org.apache.juli.ClassLoaderLogManager
30-Oct-2017 11:30:16.399 정보 [main] org.apache.catalina.startup.VersionLoggerListener.log Command line argument: -D[SERVER_NAME=tomcat8]
30-Oct-2017 11:30:16.399 정보 [main] org.apache.catalina.startup.VersionLoggerListener.log Command line argument: -Dserver.base=../../..
30-Oct-2017 11:30:16.399 정보 [main] org.apache.catalina.startup.VersionLoggerListener.log Command line argument: -Dcatalina.base.log=../../../instances/tomcat8/logs
30-Oct-2017 11:30:16.399 정보 [main] org.apache.catalina.startup.VersionLoggerListener.log Command line argument: -Dfile.encoding=UTF-8
30-Oct-2017 11:30:16.399 정보 [main] org.apache.catalina.startup.VersionLoggerListener.log Command line argument: -Dserver.encoding=UTF-8
30-Oct-2017 11:30:16.399 정보 [main] org.apache.catalina.startup.VersionLoggerListener.log Command line argument: -Dserver.name=tomcat8
30-Oct-2017 11:30:16.399 정보 [main] org.apache.catalina.startup.VersionLoggerListener.log Command line argument: -Xms1024m
30-Oct-2017 11:30:16.399 정보 [main] org.apache.catalina.startup.VersionLoggerListener.log Command line argument: -Xmx1024m
30-Oct-2017 11:30:16.399 정보 [main] org.apache.catalina.startup.VersionLoggerListener.log Command line argument: -XX:MetaspaceSize=256m
30-Oct-2017 11:30:16.399 정보 [main] org.apache.catalina.startup.VersionLoggerListener.log Command line argument: -XX:MaxMetaspaceSize=256m
30-Oct-2017 11:30:16.399 정보 [main] org.apache.catalina.startup.VersionLoggerListener.log Command line argument: -XX:+UseParallelGC
30-Oct-2017 11:30:16.399 정보 [main] org.apache.catalina.startup.VersionLoggerListener.log Command line argument: -XX:+UseParallelOldGC
30-Oct-2017 11:30:16.400 정보 [main] org.apache.catalina.startup.VersionLoggerListener.log Command line argument: -verbose:gc
30-Oct-2017 11:30:16.400 정보 [main] org.apache.catalina.startup.VersionLoggerListener.log Command line argument: -Xloggc:../../../instances/tomcat8/logs/gclog/tomcat8_gc.log
30-Oct-2017 11:30:16.400 정보 [main] org.apache.catalina.startup.VersionLoggerListener.log Command line argument: -XX:+PrintGCDetails
30-Oct-2017 11:30:16.400 정보 [main] org.apache.catalina.startup.VersionLoggerListener.log Command line argument: -XX:+PrintGCTimeStamps
30-Oct-2017 11:30:16.400 정보 [main] org.apache.catalina.startup.VersionLoggerListener.log Command line argument: -XX:+PrintHeapAtGC
30-Oct-2017 11:30:16.400 정보 [main] org.apache.catalina.startup.VersionLoggerListener.log Command line argument: -XX:+HeapDumpOnOutOfMemoryError
30-Oct-2017 11:30:16.400 정보 [main] org.apache.catalina.startup.VersionLoggerListener.log Command line argument: -XX:HeapDumpPath=../../../instances/tomcat8/logs/tomcat8_java_pid_20171030113015.hprof
30-Oct-2017 11:30:16.400 정보 [main] org.apache.catalina.startup.VersionLoggerListener.log Command line argument: -Dcom.sun.management.jmxremote
30-Oct-2017 11:30:16.400 정보 [main] org.apache.catalina.startup.VersionLoggerListener.log Command line argument: -Dcom.sun.management.jmxremote.ssl=false
30-Oct-2017 11:30:16.400 정보 [main] org.apache.catalina.startup.VersionLoggerListener.log Command line argument: -Dcom.sun.management.jmxremote.authenticate=true
30-Oct-2017 11:30:16.400 정보 [main] org.apache.catalina.startup.VersionLoggerListener.log Command line argument: -Dcom.sun.management.jmxremote.access.file=../../../commons/conf/jmxremote.access
30-Oct-2017 11:30:16.400 정보 [main] org.apache.catalina.startup.VersionLoggerListener.log Command line argument: -Dcom.sun.management.jmxremote.password.file=../../../commons/conf/jmxremote.password
30-Oct-2017 11:30:16.400 정보 [main] org.apache.catalina.startup.VersionLoggerListener.log Command line argument: -Dcom.sun.management.jmxremote.port=9999
30-Oct-2017 11:30:16.400 정보 [main] org.apache.catalina.startup.VersionLoggerListener.log Command line argument: -Dcom.sun.management.jmxremote.host=127.0.0.1
30-Oct-2017 11:30:16.400 정보 [main] org.apache.catalina.startup.VersionLoggerListener.log Command line argument: -Djava.rmi.server.hostname=127.0.0.1
30-Oct-2017 11:30:16.401 정보 [main] org.apache.catalina.startup.VersionLoggerListener.log Command line argument: -Dhttp.bind.port=8080
30-Oct-2017 11:30:16.401 정보 [main] org.apache.catalina.startup.VersionLoggerListener.log Command line argument: -Dhttps.bind.port=8443
30-Oct-2017 11:30:16.401 정보 [main] org.apache.catalina.startup.VersionLoggerListener.log Command line argument: -Dajp.bind.port=8009
30-Oct-2017 11:30:16.401 정보 [main] org.apache.catalina.startup.VersionLoggerListener.log Command line argument: -Dshutdown.bind.port=8005
30-Oct-2017 11:30:16.401 정보 [main] org.apache.catalina.startup.VersionLoggerListener.log Command line argument: -Dmanagement.bind.port=9990
30-Oct-2017 11:30:16.401 정보 [main] org.apache.catalina.startup.VersionLoggerListener.log Command line argument: -Djava.security.egd=file:/dev/./urandom
30-Oct-2017 11:30:16.401 정보 [main] org.apache.catalina.startup.VersionLoggerListener.log Command line argument: -Djava.net.preferIPv4Stack=true
30-Oct-2017 11:30:16.401 정보 [main] org.apache.catalina.startup.VersionLoggerListener.log Command line argument: -Djdk.tls.ephemeralDHKeySize=2048
30-Oct-2017 11:30:16.401 정보 [main] org.apache.catalina.startup.VersionLoggerListener.log Command line argument: -Djava.protocol.handler.pkgs=org.apache.catalina.webresources
30-Oct-2017 11:30:16.401 정보 [main] org.apache.catalina.startup.VersionLoggerListener.log Command line argument: -Dcatalina.base=../../../instances/tomcat8
30-Oct-2017 11:30:16.401 정보 [main] org.apache.catalina.startup.VersionLoggerListener.log Command line argument: -Dcatalina.home=../../../engines/apache-tomcat-8.5.16
30-Oct-2017 11:30:16.401 정보 [main] org.apache.catalina.startup.VersionLoggerListener.log Command line argument: -Djava.io.tmpdir=../../../instances/tomcat8/temp
30-Oct-2017 11:30:16.401 정보 [main] org.apache.catalina.core.AprLifecycleListener.lifecycleEvent The APR based Apache Tomcat Native library which allows optimal performance in production environments was not found on the java.library.path: [:../../../commons/native:/usr/java/packages/lib/amd64:/usr/lib64:/lib64:/lib:/usr/lib]
30-Oct-2017 11:30:16.530 정보 [main] org.apache.coyote.AbstractProtocol.init Initializing ProtocolHandler ["http-nio-8080"]
30-Oct-2017 11:30:16.547 정보 [main] org.apache.tomcat.util.net.NioSelectorPool.getSharedSelector Using a shared selector for servlet write/read
30-Oct-2017 11:30:16.549 정보 [main] org.apache.coyote.AbstractProtocol.init Initializing ProtocolHandler ["ajp-nio-8009"]
30-Oct-2017 11:30:16.551 정보 [main] org.apache.tomcat.util.net.NioSelectorPool.getSharedSelector Using a shared selector for servlet write/read
30-Oct-2017 11:30:16.552 정보 [main] org.apache.coyote.AbstractProtocol.init Initializing ProtocolHandler ["http-nio-9990"]
30-Oct-2017 11:30:16.552 정보 [main] org.apache.tomcat.util.net.NioSelectorPool.getSharedSelector Using a shared selector for servlet write/read
30-Oct-2017 11:30:16.552 정보 [main] org.apache.catalina.startup.Catalina.load Initialization processed in 555 ms
30-Oct-2017 11:30:16.615 정보 [main] org.apache.catalina.core.StandardService.startInternal Starting service [Catalina]
30-Oct-2017 11:30:16.615 정보 [main] org.apache.catalina.core.StandardEngine.startInternal Starting Servlet Engine: Apache Tomcat/8.5.16
30-Oct-2017 11:30:16.962 정보 [localhost-startStop-1] org.apache.jasper.servlet.TldScanner.scanJars At least one JAR was scanned for TLDs yet contained no TLDs. Enable debug logging for this logger for a complete list of JARs that were scanned but no TLDs were found in them. Skipping unneeded JARs during scanning can improve startup time and JSP compilation time.
30-Oct-2017 11:30:17.038 정보 [localhost-startStop-1] org.apache.catalina.startup.HostConfig.deployWAR Deploying web application archive [/home/ssong/Apps/git-local/tomcat-script/instances/tomcat8/webapps/rocker.war]
30-Oct-2017 11:30:18.226 정보 [localhost-startStop-1] org.apache.jasper.servlet.TldScanner.scanJars At least one JAR was scanned for TLDs yet contained no TLDs. Enable debug logging for this logger for a complete list of JARs that were scanned but no TLDs were found in them. Skipping unneeded JARs during scanning can improve startup time and JSP compilation time.
30-Oct-2017 11:30:18.233 정보 [localhost-startStop-1] org.apache.catalina.core.ApplicationContext.log No Spring WebApplicationInitializer types detected on classpath
30-Oct-2017 11:30:18.245 정보 [localhost-startStop-1] org.apache.catalina.core.ApplicationContext.log Set web app root system property: 'webapp.root' = [/home/ssong/Apps/git-local/tomcat-script/instances/tomcat8/webapps/rocker/]
30-Oct-2017 11:30:18.309 정보 [localhost-startStop-1] org.apache.catalina.core.ApplicationContext.log Initializing log4j from [classpath:/config/properties/log4j.xml]
30-Oct-2017 11:30:18.407 정보 [localhost-startStop-1] org.apache.catalina.core.ApplicationContext.log Initializing Spring root WebApplicationContext
30-Oct-2017 11:30:18.726 정보 [localhost-startStop-1] org.apache.catalina.core.ApplicationContext.log Initializing Spring FrameworkServlet 'servlet'
30-Oct-2017 11:30:20.818 정보 [localhost-startStop-1] org.apache.catalina.startup.HostConfig.deployWAR Deployment of web application archive [/home/ssong/Apps/git-local/tomcat-script/instances/tomcat8/webapps/rocker.war] has finished in [3,779] ms
30-Oct-2017 11:30:20.819 정보 [localhost-startStop-1] org.apache.catalina.startup.HostConfig.deployDirectory Deploying web application directory [/home/ssong/Apps/git-local/tomcat-script/instances/tomcat8/webapps/manager]
30-Oct-2017 11:30:20.981 정보 [localhost-startStop-1] org.apache.jasper.servlet.TldScanner.scanJars At least one JAR was scanned for TLDs yet contained no TLDs. Enable debug logging for this logger for a complete list of JARs that were scanned but no TLDs were found in them. Skipping unneeded JARs during scanning can improve startup time and JSP compilation time.
30-Oct-2017 11:30:20.986 정보 [localhost-startStop-1] org.apache.catalina.startup.HostConfig.deployDirectory Deployment of web application directory [/home/ssong/Apps/git-local/tomcat-script/instances/tomcat8/webapps/manager] has finished in [168] ms
30-Oct-2017 11:30:20.986 정보 [localhost-startStop-1] org.apache.catalina.startup.HostConfig.deployDirectory Deploying web application directory [/home/ssong/Apps/git-local/tomcat-script/instances/tomcat8/webapps/axis]
30-Oct-2017 11:30:22.322 정보 [localhost-startStop-1] org.apache.jasper.servlet.TldScanner.scanJars At least one JAR was scanned for TLDs yet contained no TLDs. Enable debug logging for this logger for a complete list of JARs that were scanned but no TLDs were found in them. Skipping unneeded JARs during scanning can improve startup time and JSP compilation time.
30-Oct-2017 11:30:22.925 정보 [localhost-startStop-1] org.apache.catalina.startup.HostConfig.deployDirectory Deployment of web application directory [/home/ssong/Apps/git-local/tomcat-script/instances/tomcat8/webapps/axis] has finished in [1,939] ms
30-Oct-2017 11:30:22.960 정보 [localhost-startStop-1] org.apache.catalina.startup.HostConfig.deployDirectory Deploying web application directory [/home/ssong/Apps/git-local/tomcat-script/instances/tomcat8/webapps/jolokia]
30-Oct-2017 11:30:23.088 정보 [localhost-startStop-1] org.apache.jasper.servlet.TldScanner.scanJars At least one JAR was scanned for TLDs yet contained no TLDs. Enable debug logging for this logger for a complete list of JARs that were scanned but no TLDs were found in them. Skipping unneeded JARs during scanning can improve startup time and JSP compilation time.
30-Oct-2017 11:30:23.098 정보 [localhost-startStop-1] org.apache.catalina.core.ApplicationContext.log jolokia-agent: No access restrictor found, access to any MBean is allowed
30-Oct-2017 11:30:23.207 정보 [localhost-startStop-1] org.apache.catalina.startup.HostConfig.deployDirectory Deployment of web application directory [/home/ssong/Apps/git-local/tomcat-script/instances/tomcat8/webapps/jolokia] has finished in [247] ms
30-Oct-2017 11:30:23.217 정보 [main] org.apache.coyote.AbstractProtocol.start Starting ProtocolHandler ["http-nio-8080"]
30-Oct-2017 11:30:23.223 정보 [main] org.apache.coyote.AbstractProtocol.start Starting ProtocolHandler ["ajp-nio-8009"]
30-Oct-2017 11:30:23.224 정보 [main] org.apache.coyote.AbstractProtocol.start Starting ProtocolHandler ["http-nio-9990"]
30-Oct-2017 11:30:23.230 정보 [main] org.apache.catalina.startup.Catalina.start Server startup in 6677 ms
30-Oct-2017 18:01:37.770 정보 [Thread-9] org.apache.coyote.AbstractProtocol.pause Pausing ProtocolHandler ["http-nio-8080"]
30-Oct-2017 18:01:37.868 정보 [Thread-9] org.apache.coyote.AbstractProtocol.pause Pausing ProtocolHandler ["ajp-nio-8009"]
30-Oct-2017 18:01:37.918 정보 [Thread-9] org.apache.coyote.AbstractProtocol.pause Pausing ProtocolHandler ["http-nio-9990"]
30-Oct-2017 18:01:37.969 정보 [Thread-9] org.apache.catalina.core.StandardService.stopInternal Stopping service [Catalina]
30-Oct-2017 18:01:38.077 정보 [localhost-startStop-2] org.apache.catalina.core.ApplicationContext.log Destroying Spring FrameworkServlet 'servlet'
30-Oct-2017 18:01:38.080 정보 [localhost-startStop-2] org.apache.catalina.core.ApplicationContext.log Closing Spring root WebApplicationContext
30-Oct-2017 18:01:38.081 정보 [localhost-startStop-2] org.apache.catalina.core.ApplicationContext.log Shutting down log4j
30-Oct-2017 18:01:38.101 정보 [Thread-9] org.apache.coyote.AbstractProtocol.stop Stopping ProtocolHandler ["http-nio-8080"]
30-Oct-2017 18:01:38.103 정보 [Thread-9] org.apache.coyote.AbstractProtocol.stop Stopping ProtocolHandler ["ajp-nio-8009"]
30-Oct-2017 18:01:38.104 정보 [Thread-9] org.apache.coyote.AbstractProtocol.stop Stopping ProtocolHandler ["http-nio-9990"]
30-Oct-2017 18:01:38.106 정보 [Thread-9] org.apache.coyote.AbstractProtocol.destroy Destroying ProtocolHandler ["http-nio-8080"]
30-Oct-2017 18:01:38.133 정보 [Thread-9] org.apache.coyote.AbstractProtocol.destroy Destroying ProtocolHandler ["ajp-nio-8009"]
30-Oct-2017 18:01:38.135 정보 [Thread-9] org.apache.coyote.AbstractProtocol.destroy Destroying ProtocolHandler ["http-nio-9990"]
